<?xml version="1.0" encoding="UTF-8"?>
<!-- Generated by org.testng.reporters.JUnitReportReporter -->
<testsuite hostname="Koushik" name="sample.webtek.test.SanityTest1" tests="2" failures="0" timestamp="5 Jul 2015 06:29:01 GMT" time="70.044" errors="0">
  <testcase name="ProductCheckOut" time="63.466" classname="sample.webtek.test.SanityTest1"/>
  <testcase name="userSignIn" time="6.578" classname="sample.webtek.test.SanityTest1"/>
</testsuite> <!-- sample.webtek.test.SanityTest1 -->
