<?xml version="1.0" encoding="UTF-8"?>
<!-- Generated by org.testng.reporters.JUnitReportReporter -->
<testsuite hostname="Koushik" name="sample.webtek.test.SanityTest1" tests="2" failures="0" timestamp="28 Jun 2015 07:16:36 GMT" time="71.553" errors="0">
  <testcase name="ProductCheckOut" time="63.520" classname="sample.webtek.test.SanityTest1"/>
  <testcase name="userSignIn" time="8.033" classname="sample.webtek.test.SanityTest1"/>
</testsuite> <!-- sample.webtek.test.SanityTest1 -->
