<?xml version="1.0" encoding="UTF-8"?>
<!-- Generated by org.testng.reporters.JUnitReportReporter -->
<testsuite hostname="Koushik" name="sample.webtek.test.SanityTest1" tests="2" failures="0" timestamp="22 Jul 2015 16:26:14 GMT" time="81.915" errors="0">
  <testcase name="ProductCheckOut" time="70.568" classname="sample.webtek.test.SanityTest1"/>
  <testcase name="userSignIn" time="11.347" classname="sample.webtek.test.SanityTest1"/>
</testsuite> <!-- sample.webtek.test.SanityTest1 -->
