<?xml version="1.0" encoding="UTF-8"?>
<!-- Generated by org.testng.reporters.JUnitReportReporter -->
<testsuite hostname="Koushik" name="sample.webtek.test.SanityTest2" tests="4" failures="0" timestamp="16 Jun 2015 16:23:41 GMT" time="214.463" errors="0">
  <testcase name="SignUpUser" time="47.361" classname="sample.webtek.test.SanityTest2"/>
  <testcase name="SignUpUser" time="50.524" classname="sample.webtek.test.SanityTest2"/>
  <testcase name="SignUpUser" time="70.647" classname="sample.webtek.test.SanityTest2"/>
  <testcase name="SignUpUser" time="45.931" classname="sample.webtek.test.SanityTest2"/>
</testsuite> <!-- sample.webtek.test.SanityTest2 -->
